STATUS | wrapper  | 2016/04/25 15:20:07 | --> Wrapper Started as Daemon
STATUS | wrapper  | 2016/04/25 15:20:08 | Launching a JVM...
INFO   | jvm 1    | 2016/04/25 15:20:08 | Wrapper (Version 3.2.3) http://wrapper.tanukisoftware.org
INFO   | jvm 1    | 2016/04/25 15:20:08 |   Copyright 1999-2006 Tanuki Software, Inc.  All Rights Reserved.
INFO   | jvm 1    | 2016/04/25 15:20:08 | 
INFO   | jvm 1    | 2016/04/25 15:20:08 | Java Runtime: Oracle Corporation 1.8.0_65 /usr/local/java/jre1.8.0_65
INFO   | jvm 1    | 2016/04/25 15:20:08 |   Heap sizes: current=60928k  free=55195k  max=932352k
INFO   | jvm 1    | 2016/04/25 15:20:08 |     JVM args: -Dactivemq.home=../.. -Dactivemq.base=../.. -Djavax.net.ssl.keyStorePassword=password -Djavax.net.ssl.trustStorePassword=password -Djavax.net.ssl.keyStore=../../conf/broker.ks -Djavax.net.ssl.trustStore=../../conf/broker.ts -Dcom.sun.management.jmxremote -Dorg.apache.activemq.UseDedicatedTaskRunner=true -Djava.util.logging.config.file=logging.properties -Dactivemq.conf=../../conf -Dactivemq.data=../../data -Djava.security.auth.login.config=../../conf/login.config -Xmx1024m -Djava.library.path=../../bin/linux-x86-64/ -Dwrapper.key=7krdRA7SxQlfhSj5 -Dwrapper.port=32000 -Dwrapper.jvm.port.min=31000 -Dwrapper.jvm.port.max=31999 -Dwrapper.pid=31787 -Dwrapper.version=3.2.3 -Dwrapper.native_library=wrapper -Dwrapper.service=TRUE -Dwrapper.cpu.timeout=10 -Dwrapper.jvmid=1
INFO   | jvm 1    | 2016/04/25 15:20:08 | Extensions classpath:
INFO   | jvm 1    | 2016/04/25 15:20:08 |   [../../lib,../../lib/camel,../../lib/optional,../../lib/web,../../lib/extra]
INFO   | jvm 1    | 2016/04/25 15:20:08 | ACTIVEMQ_HOME: ../..
INFO   | jvm 1    | 2016/04/25 15:20:08 | ACTIVEMQ_BASE: ../..
INFO   | jvm 1    | 2016/04/25 15:20:08 | ACTIVEMQ_CONF: ../../conf
INFO   | jvm 1    | 2016/04/25 15:20:08 | ACTIVEMQ_DATA: ../../data
INFO   | jvm 1    | 2016/04/25 15:20:08 | Loading message broker from: xbean:activemq.xml
INFO   | jvm 1    | 2016/04/25 15:20:08 |  INFO | Refreshing org.apache.activemq.xbean.XBeanBrokerFactory$1@7b0381b3: startup date [Mon Apr 25 15:20:08 CEST 2016]; root of context hierarchy
INFO   | jvm 1    | 2016/04/25 15:20:09 |  INFO | Using Persistence Adapter: KahaDBPersistenceAdapter[/home/user/activemq/apache-activemq-5.13.2/bin/linux-x86-64/../../data/kahadb]
INFO   | jvm 1    | 2016/04/25 15:20:09 |  INFO | PListStore:[/home/user/activemq/apache-activemq-5.13.2/bin/linux-x86-64/../../data/localhost/tmp_storage] started
INFO   | jvm 1    | 2016/04/25 15:20:09 |  INFO | Apache ActiveMQ 5.13.2 (localhost, ID:Axxx-41253-1461590409733-0:1) is starting
INFO   | jvm 1    | 2016/04/25 15:20:09 |  INFO | Listening for connections at: tcp://Axxx:61616?maximumConnections=1000&wireFormat.maxFrameSize=104857600
INFO   | jvm 1    | 2016/04/25 15:20:09 |  INFO | Connector openwire started
INFO   | jvm 1    | 2016/04/25 15:20:09 |  INFO | Listening for connections at: amqp://Axxx:5672?maximumConnections=1000&wireFormat.maxFrameSize=104857600
INFO   | jvm 1    | 2016/04/25 15:20:09 |  INFO | Connector amqp started
INFO   | jvm 1    | 2016/04/25 15:20:09 |  INFO | Listening for connections at: stomp://Axxx:61613?maximumConnections=1000&wireFormat.maxFrameSize=104857600
INFO   | jvm 1    | 2016/04/25 15:20:09 |  INFO | Connector stomp started
INFO   | jvm 1    | 2016/04/25 15:20:09 |  INFO | Listening for connections at: mqtt://Axxx:1883?maximumConnections=1000&wireFormat.maxFrameSize=104857600
INFO   | jvm 1    | 2016/04/25 15:20:09 |  INFO | Connector mqtt started
INFO   | jvm 1    | 2016/04/25 15:20:10 |  WARN | ServletContext@o.e.j.s.ServletContextHandler@46518e86{/,null,STARTING} has uncovered http methods for path: /
INFO   | jvm 1    | 2016/04/25 15:20:10 |  INFO | Listening for connections at ws://Axxx:61614?maximumConnections=1000&wireFormat.maxFrameSize=104857600
INFO   | jvm 1    | 2016/04/25 15:20:10 |  INFO | Connector ws started
INFO   | jvm 1    | 2016/04/25 15:20:10 |  INFO | Apache ActiveMQ 5.13.2 (localhost, ID:Axxx-41253-1461590409733-0:1) started
INFO   | jvm 1    | 2016/04/25 15:20:10 |  INFO | For help or more information please see: http://activemq.apache.org
INFO   | jvm 1    | 2016/04/25 15:20:10 |  WARN | Store limit is 102400 mb (current store usage is 0 mb). The data directory: /home/user/activemq/apache-activemq-5.13.2/bin/linux-x86-64/../../data/kahadb only has 10458 mb of usable space. - resetting to maximum available disk space: 10458 mb
INFO   | jvm 1    | 2016/04/25 15:20:10 |  WARN | Temporary Store limit is 51200 mb (current store usage is 0 mb). The data directory: /home/user/activemq/apache-activemq-5.13.2/bin/linux-x86-64/../../data only has 10458 mb of usable space. - resetting to maximum available disk space: 10458 mb
INFO   | jvm 1    | 2016/04/25 15:20:10 |  INFO | No Spring WebApplicationInitializer types detected on classpath
INFO   | jvm 1    | 2016/04/25 15:20:11 |  INFO | ActiveMQ WebConsole available at http://0.0.0.0:8161/
INFO   | jvm 1    | 2016/04/25 15:20:11 |  INFO | ActiveMQ Jolokia REST API available at http://0.0.0.0:8161/api/jolokia/
INFO   | jvm 1    | 2016/04/25 15:20:11 |  INFO | Initializing Spring FrameworkServlet 'dispatcher'
INFO   | jvm 1    | 2016/04/25 15:20:11 |  INFO | No Spring WebApplicationInitializer types detected on classpath
INFO   | jvm 1    | 2016/04/25 15:20:11 |  INFO | jolokia-agent: Using policy access restrictor classpath:/jolokia-access.xml
WARN   | wrapper  | 2016/04/26 13:40:38 | JVM process was still running after receiving a SIGCHLD signal.
STATUS | wrapper  | 2016/04/26 13:40:38 | TERM trapped.  Shutting down.
WARN   | wrapper  | 2016/04/26 13:40:39 | JVM process was still running after receiving a SIGCHLD signal.
WARN   | wrapper  | 2016/04/26 13:40:40 | JVM process was still running after receiving a SIGCHLD signal.
INFO   | jvm 1    | 2016/04/26 13:40:41 |  INFO | Apache ActiveMQ 5.13.2 (localhost, ID:Axxx-41253-1461590409733-0:1) is shutting down
INFO   | jvm 1    | 2016/04/26 13:40:41 |  INFO | Connector openwire stopped
INFO   | jvm 1    | 2016/04/26 13:40:41 |  INFO | Connector amqp stopped
INFO   | jvm 1    | 2016/04/26 13:40:41 |  INFO | Connector stomp stopped
INFO   | jvm 1    | 2016/04/26 13:40:41 |  INFO | socketQueue interrupted - stopping
WARN   | wrapper  | 2016/04/26 13:40:41 | JVM process was still running after receiving a SIGCHLD signal.
INFO   | jvm 1    | 2016/04/26 13:40:41 |  INFO | socketQueue interrupted - stopping
INFO   | jvm 1    | 2016/04/26 13:40:41 |  INFO | socketQueue interrupted - stopping
INFO   | jvm 1    | 2016/04/26 13:40:41 | ERROR | Could not accept connection : java.lang.InterruptedException
INFO   | jvm 1    | 2016/04/26 13:40:41 | ERROR | Could not accept connection : java.lang.InterruptedException
INFO   | jvm 1    | 2016/04/26 13:40:41 | ERROR | Could not accept connection : java.lang.InterruptedException
INFO   | jvm 1    | 2016/04/26 13:40:41 |  INFO | socketQueue interrupted - stopping
INFO   | jvm 1    | 2016/04/26 13:40:41 |  INFO | Connector mqtt stopped
INFO   | jvm 1    | 2016/04/26 13:40:41 | ERROR | Could not accept connection : java.lang.InterruptedException
INFO   | jvm 1    | 2016/04/26 13:40:42 |  INFO | Connector ws stopped
INFO   | jvm 1    | 2016/04/26 13:40:42 |  INFO | PListStore:[/home/user/activemq/apache-activemq-5.13.2/bin/linux-x86-64/../../data/localhost/tmp_storage] stopped
INFO   | jvm 1    | 2016/04/26 13:40:42 |  INFO | Stopping async queue tasks
INFO   | jvm 1    | 2016/04/26 13:40:42 |  INFO | Stopping async topic tasks
INFO   | jvm 1    | 2016/04/26 13:40:42 |  INFO | Stopped KahaDB
WARN   | wrapper  | 2016/04/26 13:40:42 | JVM process was still running after receiving a SIGCHLD signal.
INFO   | jvm 1    | 2016/04/26 13:40:42 |  INFO | Apache ActiveMQ 5.13.2 (localhost, ID:Axxx-41253-1461590409733-0:1) uptime 22 hours 20 minutes
INFO   | jvm 1    | 2016/04/26 13:40:42 |  INFO | Apache ActiveMQ 5.13.2 (localhost, ID:Axxx-41253-1461590409733-0:1) is shutdown
INFO   | jvm 1    | 2016/04/26 13:40:42 |  INFO | Closing org.apache.activemq.xbean.XBeanBrokerFactory$1@7b0381b3: startup date [Mon Apr 25 15:20:08 CEST 2016]; root of context hierarchy
INFO   | jvm 1    | 2016/04/26 13:40:42 |  INFO | Destroying Spring FrameworkServlet 'dispatcher'
STATUS | wrapper  | 2016/04/26 13:40:43 | <-- Wrapper Stopped
